<?xml version="1.0" encoding="utf-8"?><testsuites><testsuite name="pytest" errors="4" failures="0" skipped="0" tests="4" time="0.106" timestamp="2022-01-17T11:22:33.178504" hostname="DESKTOP-BLEP6BL"><testcase classname="" name="test_bb" file="test_bb.py" time="0.000"><error message="collection failure">ImportError while importing test module 'C:\Users\김승주\Desktop\YKP\HCpythonCode\FileSystem_python\test_bb.py'.
Hint: make sure your test modules/packages have valid Python names.
Traceback:
D:\anaconda\envs\test_envs\lib\importlib\__init__.py:127: in import_module
    return _bootstrap._gcd_import(name[level:], package, level)
test_bb.py:4: in &lt;module&gt;
    from bytebuffer import *
bytebuffer.py:2: in &lt;module&gt;
    from System import Byte
E   ModuleNotFoundError: No module named 'System'</error><error message="collection failure">ImportError while importing test module 'C:\Users\김승주\Desktop\YKP\HCpythonCode\FileSystem_python\test_bb.py'.
Hint: make sure your test modules/packages have valid Python names.
Traceback:
D:\anaconda\envs\test_envs\lib\importlib\__init__.py:127: in import_module
    return _bootstrap._gcd_import(name[level:], package, level)
test_bb.py:4: in &lt;module&gt;
    from bytebuffer import *
bytebuffer.py:2: in &lt;module&gt;
    from System import Byte
E   ModuleNotFoundError: No module named 'System'</error><error message="collection failure">ImportError while importing test module 'C:\Users\김승주\Desktop\YKP\HCpythonCode\FileSystem_python\test_bb.py'.
Hint: make sure your test modules/packages have valid Python names.
Traceback:
D:\anaconda\envs\test_envs\lib\importlib\__init__.py:127: in import_module
    return _bootstrap._gcd_import(name[level:], package, level)
test_bb.py:4: in &lt;module&gt;
    from bytebuffer import *
bytebuffer.py:2: in &lt;module&gt;
    from System import Byte
E   ModuleNotFoundError: No module named 'System'</error></testcase><testcase classname="" name="" file="" time="0.000"><error message="collection failure">C:\PROGRAM FILES (X86)\MICROSOFT VISUAL STUDIO\2019\PROFESSIONAL\COMMON7\IDE\EXTENSIONS\MICROSOFT\PYTHON\CORE\testlauncher.py:180: in collectwapper
    line = "(no name {!r} in any of {!r})".format(arg, exc.args[0])
E   AttributeError: 'list' object has no attribute 'args'</error></testcase></testsuite></testsuites>